2023-01-01 10:00:00 [INFO] MyApp - Application started successfully
2023-01-01 10:00:01 [DEBUG] Database - Connecting to database server
2023-01-01 10:00:02 [INFO] Database - Connection established
2023-01-01 10:00:03 [INFO] WebServer - Starting HTTP server on port 8080
2023-01-01 10:00:04 [INFO] WebServer - HTTP server started successfully
2023-01-01 10:05:00 [INFO] WebServer - Received GET request from 192.168.1.100
2023-01-01 10:05:01 [DEBUG] WebServer - Processing request: GET /index.html
2023-01-01 10:05:02 [INFO] WebServer - Request processed successfully
2023-01-01 10:10:00 [WARN] Database - Slow query detected: SELECT * FROM users (took 2.5s)
2023-01-01 10:15:00 [ERROR] Database - Connection timeout to replica server
2023-01-01 10:15:01 [WARN] Database - Switching to primary database
2023-01-01 10:20:00 [INFO] MyApp - Scheduled maintenance task started
2023-01-01 10:20:05 [INFO] Maintenance - Cleaning up temporary files
2023-01-01 10:20:10 [INFO] Maintenance - Removed 150 temporary files
2023-01-01 10:25:00 [ERROR] WebServer - Failed to process request: Invalid JSON payload
2023-01-01 10:30:00 [FATAL] MyApp - Critical error: Out of memory
2023-01-01 10:30:01 [INFO] MyApp - Application shutting down
2023-01-01 10:30:02 [INFO] WebServer - HTTP server stopped
2023-01-01 10:30:03 [INFO] Database - Database connection closed
2023-01-01 10:30:04 [INFO] MyApp - Application stopped